{
    "Role": {
        "Path": "/",
        "RoleName": "lambda-exemplo",
        "RoleId": "AROATPQUNDNZ3CMFIQ5O5",
        "Arn": "arn:aws:iam::239487228787:role/lambda-exemplo",
        "CreateDate": "2020-06-29T21:08:16+00:00",
        "AssumeRolePolicyDocument": {
            "Version": "2012-10-17",
            "Statement": [
                {
                    "Effect": "Allow",
                    "Principal": {
                        "Service": "lambda.amazonaws.com"
                    },
                    "Action": "sts:AssumeRole"
                }
            ]
        }
    }
}
